error: {"flag":false,"message":"Email Already Registerd !","code":409} {"timestamp":"13-04-2021 16:04:02"}
error: {"flag":false,"message":"Registraton Failed !","error":{"errors":{"email":{"name":"ValidatorError","message":"Path `email` is required.","properties":{"message":"Path `email` is required.","type":"required","path":"email"},"kind":"required","path":"email"}},"_message":"User validation failed","name":"ValidationError","message":"User validation failed: email: Path `email` is required."},"code":400} {"timestamp":"13-04-2021 16:05:14"}
error: {"flag":false,"message":"Email Already Registerd !","code":409} {"timestamp":"13-04-2021 16:05:34"}
error: {"flag":false,"message":"Registraton Failed !","error":{"errors":{"email":{"name":"ValidatorError","message":"Path `email` is required.","properties":{"message":"Path `email` is required.","type":"required","path":"email","value":""},"kind":"required","path":"email","value":""},"mobile":{"name":"ValidatorError","message":"Path `mobile` is required.","properties":{"message":"Path `mobile` is required.","type":"required","path":"mobile","value":null},"kind":"required","path":"mobile","value":null}},"_message":"User validation failed","name":"ValidationError","message":"User validation failed: email: Path `email` is required., mobile: Path `mobile` is required."},"code":400} {"timestamp":"13-04-2021 16:05:51"}
error: {"flag":false,"message":"Email Already Registerd !","code":409} {"timestamp":"13-04-2021 16:07:33"}
error: {"flag":false,"message":"Email Already Registerd !","code":409} {"timestamp":"13-04-2021 16:20:56"}
error: {"flag":false,"message":"Email Already Registerd !","code":409} {"timestamp":"13-04-2021 16:33:40"}
error: {"flag":false,"message":"Registraton Failed !","error":{"errors":{"mobile":{"name":"ValidatorError","message":"Path `mobile` is required.","properties":{"message":"Path `mobile` is required.","type":"required","path":"mobile","value":null},"kind":"required","path":"mobile","value":null}},"_message":"User validation failed","name":"ValidationError","message":"User validation failed: mobile: Path `mobile` is required."},"code":400} {"timestamp":"15-04-2021 11:51:31"}
error: {"flag":false,"message":"Registraton Failed !","error":{"errors":{"role":{"name":"ValidatorError","message":"`user` is not a valid enum value for path `role`.","properties":{"message":"`user` is not a valid enum value for path `role`.","type":"enum","enumValues":["Admin","User"],"path":"role","value":"user"},"kind":"enum","path":"role","value":"user"}},"_message":"User validation failed","name":"ValidationError","message":"User validation failed: role: `user` is not a valid enum value for path `role`."},"code":400} {"timestamp":"15-04-2021 12:15:25"}
error: {"flag":false,"message":"Registraton Failed !","error":{"errors":{"role":{"name":"ValidatorError","message":"`user` is not a valid enum value for path `role`.","properties":{"message":"`user` is not a valid enum value for path `role`.","type":"enum","enumValues":["Admin","User"],"path":"role","value":"user"},"kind":"enum","path":"role","value":"user"}},"_message":"User validation failed","name":"ValidationError","message":"User validation failed: role: `user` is not a valid enum value for path `role`."},"code":400} {"timestamp":"15-04-2021 12:16:22"}
error: {"success":false,"message":"you have filled invalid data","error":[{"value":"Rahul Raj","msg":"FullName should be only Alphabet!","param":"fullname","location":"body"}]} {"timestamp":"15-04-2021 12:22:37"}
error: {"success":false,"message":"you have filled invalid data","error":[{"value":"972653821","msg":"MobileNumber atleast contains  10 digit!","param":"mobile","location":"body"}]} {"timestamp":"15-04-2021 12:43:00"}
error: {"flag":false,"message":"Email Already Registerd !","code":409} {"timestamp":"15-04-2021 12:47:48"}
error: {"success":false,"message":"you have filled invalid data","error":[{"value":"","msg":"Email is Required!","param":"email","location":"body"},{"value":"","msg":"Email is Invalid!!!","param":"email","location":"body"}]} {"timestamp":"15-04-2021 16:26:20"}
error: {"success":false,"message":"you have filled invalid data","error":[{"value":"","msg":"Password is Required!","param":"password","location":"body"},{"value":"","msg":"Password atleast contains  6 character!","param":"password","location":"body"}]} {"timestamp":"15-04-2021 16:26:34"}
error: {"success":false,"message":"you have filled invalid data","error":[{"value":"rahul6538raj","msg":"Email is Invalid!!!","param":"email","location":"body"}]} {"timestamp":"15-04-2021 16:26:46"}
error: {"flag":false,"message":"Email doesnot exits !","code":404} {"timestamp":"15-04-2021 16:42:47"}
error: {"flag":false,"message":"Data with this Email doesnot exits !","code":404} {"timestamp":"15-04-2021 16:43:07"}
error: {"flag":false,"message":"Registraton Failed !","error":{"errors":{"fullName":{"name":"ValidatorError","message":"Path `fullName` is required.","properties":{"message":"Path `fullName` is required.","type":"required","path":"fullName"},"kind":"required","path":"fullName"}},"_message":"User validation failed","name":"ValidationError","message":"User validation failed: fullName: Path `fullName` is required."},"code":400} {"timestamp":"15-04-2021 16:46:46"}
error: {"success":false,"message":"you have filled invalid data","error":[{"value":"","msg":"FullName is Required!","param":"fullname","location":"body"},{"value":"","msg":"FullName should be only Alphabet!","param":"fullname","location":"body"},{"value":"","msg":"FullName atleast contains  3 character!","param":"fullname","location":"body"}]} {"timestamp":"15-04-2021 16:47:04"}
error: {"flag":false,"message":"Data with this Email doesnot exits !","code":404} {"timestamp":"15-04-2021 16:56:57"}
error: {"flag":false,"message":"Data with this Email doesnot exits !","code":404} {"timestamp":"15-04-2021 16:58:04"}
error: {"flag":false,"message":"Data with this Email doesnot exits !","code":404} {"timestamp":"15-04-2021 16:58:13"}
error: {"flag":false,"message":"Registraton Failed !","error":{"driver":true,"name":"MongoError","index":0,"code":11000},"code":400} {"timestamp":"15-04-2021 17:37:46"}
error: {"flag":false,"message":"Registraton Failed !","error":{"driver":true,"name":"MongoError","index":0,"code":11000},"code":400} {"timestamp":"15-04-2021 17:38:06"}
error: {"flag":false,"message":"Registraton Failed !","error":{"errors":{"role":{"name":"ValidatorError","message":"`Admin23` is not a valid enum value for path `role`.","properties":{"message":"`Admin23` is not a valid enum value for path `role`.","type":"enum","enumValues":["Admin","User"],"path":"role","value":"Admin23"},"kind":"enum","path":"role","value":"Admin23"}},"_message":"User validation failed","name":"ValidationError","message":"User validation failed: role: `Admin23` is not a valid enum value for path `role`."},"code":400} {"timestamp":"16-04-2021 12:03:42"}
error: {"flag":false,"message":"Registraton Failed !","error":{"errors":{"role":{"name":"ValidatorError","message":"`Admin123` is not a valid enum value for path `role`.","properties":{"message":"`Admin123` is not a valid enum value for path `role`.","type":"enum","enumValues":["Admin","User"],"path":"role","value":"Admin123"},"kind":"enum","path":"role","value":"Admin123"}},"_message":"User validation failed","name":"ValidationError","message":"User validation failed: role: `Admin123` is not a valid enum value for path `role`."},"code":400} {"timestamp":"16-04-2021 12:21:51"}
error: {"flag":false,"message":"Registraton Failed !","error":{"driver":true,"name":"MongoError","index":0,"code":11000},"code":400} {"timestamp":"18-04-2021 19:25:51"}
error: {"success":false,"message":"you have filled invalid data","error":[{"value":"helloMini123","msg":"Password Max contains  11 character!","param":"password","location":"body"}]} {"timestamp":"22-04-2021 18:27:13"}
error: {"success":false,"message":"you have filled invalid data","error":[{"value":"helloMini123","msg":"Password Max contains  11 character!","param":"password","location":"body"}]} {"timestamp":"22-04-2021 18:27:35"}
error: {"success":false,"message":"you have filled invalid data","error":[{"value":"helloMini123","msg":"Password Max contains  11 character!","param":"password","location":"body"}]} {"timestamp":"22-04-2021 18:28:31"}
error: {"success":false,"message":"you have filled invalid data","error":[{"value":"","msg":"FullName is Required!","param":"fullName","location":"body"},{"value":"","msg":"FullName should be only Alphabet!","param":"fullName","location":"body"},{"value":"","msg":"FullName atleast contains  3 character!","param":"fullName","location":"body"}]} {"timestamp":"22-04-2021 18:42:19"}
error: {"success":false,"message":"you have filled invalid data","error":[{"value":"","msg":"FullName is Required!","param":"fullName","location":"body"},{"value":"","msg":"FullName should be only Alphabet!","param":"fullName","location":"body"},{"value":"","msg":"FullName atleast contains  3 character!","param":"fullName","location":"body"}]} {"timestamp":"22-04-2021 18:42:34"}
error: {"success":false,"message":"you have filled invalid data","error":[{"value":"","msg":"FullName is Required!","param":"fullName","location":"body"},{"value":"","msg":"FullName should be only Alphabet!","param":"fullName","location":"body"},{"value":"","msg":"FullName atleast contains  3 character!","param":"fullName","location":"body"}]} {"timestamp":"22-04-2021 18:42:57"}
error: {"success":false,"message":"you have filled invalid data","error":[{"value":"","msg":"FullName is Required!","param":"fullName","location":"body"},{"value":"","msg":"FullName should be only Alphabet!","param":"fullName","location":"body"},{"value":"","msg":"FullName atleast contains  3 character!","param":"fullName","location":"body"}]} {"timestamp":"22-04-2021 18:43:24"}
error: {"success":false,"message":"you have filled invalid data","error":[{"value":"","msg":"FullName is Required!","param":"fullName","location":"body"},{"value":"","msg":"FullName should be only Alphabet!","param":"fullName","location":"body"},{"value":"","msg":"FullName atleast contains  3 character!","param":"fullName","location":"body"}]} {"timestamp":"22-04-2021 18:43:37"}
error: {"success":false,"message":"you have filled invalid data","error":[{"value":"","msg":"FullName is Required!","param":"fullName","location":"body"},{"value":"","msg":"FullName should be only Alphabet!","param":"fullName","location":"body"},{"value":"","msg":"FullName atleast contains  3 character!","param":"fullName","location":"body"}]} {"timestamp":"22-04-2021 18:44:07"}
error: {"flag":false,"message":"Registraton Failed !","error":{"driver":true,"name":"MongoError","index":0,"code":11000},"code":400} {"timestamp":"22-04-2021 18:45:04"}
error: {"flag":false,"message":"Email Already Registerd !","code":409} {"timestamp":"22-04-2021 18:47:58"}
error: {"flag":false,"message":"Email Already Registerd !","code":409} {"timestamp":"22-04-2021 18:48:28"}
error: {"flag":false,"message":"Email Already Registerd !","code":409} {"timestamp":"22-04-2021 18:48:49"}
error: {"success":false,"message":"you have filled invalid data","error":[{"value":"rahul raj","msg":"FullName should be only Alphabet!","param":"fullName","location":"body"}]} {"timestamp":"22-04-2021 18:51:13"}
error: {"success":false,"message":"you have filled invalid data","error":[{"value":"rahul raj","msg":"FullName should be only Alphabet!","param":"fullName","location":"body"}]} {"timestamp":"22-04-2021 18:52:27"}
error: {"success":false,"message":"you have filled invalid data","error":[{"value":"rahul raj","msg":"FullName should be only Alphabet!","param":"fullName","location":"body"}]} {"timestamp":"22-04-2021 18:54:03"}
error: {"success":false,"message":"you have filled invalid data","error":[{"value":"rahul raj","msg":"FullName should be only Alphabet!","param":"fullName","location":"body"}]} {"timestamp":"22-04-2021 19:02:00"}
error: {"success":false,"message":"you have filled invalid data","error":[{"value":"rahul raj","msg":"FullName should be only Alphabet!","param":"fullName","location":"body"}]} {"timestamp":"22-04-2021 19:02:44"}
error: {"success":false,"message":"you have filled invalid data","error":[{"value":"rahul raj","msg":"FullName should be only Alphabet!","param":"fullName","location":"body"}]} {"timestamp":"22-04-2021 19:04:45"}
error: {"success":false,"message":"you have filled invalid data","error":[{"value":"rahul raj","msg":"FullName should be only Alphabet!","param":"fullName","location":"body"}]} {"timestamp":"23-04-2021 09:51:03"}
error: {"flag":false,"message":"password not matched !","code":401} {"timestamp":"23-04-2021 10:21:39"}
error: {"flag":false,"message":"password not matched !","code":401} {"timestamp":"23-04-2021 10:21:41"}
error: {"flag":false,"message":"password not matched !","code":401} {"timestamp":"23-04-2021 10:21:43"}
error: {"flag":false,"message":"password not matched !","code":401} {"timestamp":"23-04-2021 10:21:43"}
error: {"flag":false,"message":"password not matched !","code":401} {"timestamp":"23-04-2021 10:21:43"}
error: {"flag":false,"message":"password not matched !","code":401} {"timestamp":"23-04-2021 10:21:43"}
error: {"flag":false,"message":"password not matched !","code":401} {"timestamp":"28-04-2021 12:00:08"}
error: {"flag":false,"message":"Data with this Email doesnot exits !","code":404} {"timestamp":"29-04-2021 15:33:52"}
error: {"success":false,"message":"you have filled invalid data","error":[{"value":"HelloMini12@","msg":"Password Max contains  11 character!","param":"password","location":"body"}]} {"timestamp":"29-04-2021 15:37:11"}
error: {"success":false,"message":"you have filled invalid data","error":[{"value":"HelloMini12@","msg":"Password Max contains  11 character!","param":"password","location":"body"}]} {"timestamp":"29-04-2021 15:37:23"}
error: {"flag":false,"message":"password not matched !","code":401} {"timestamp":"04-05-2021 18:42:17"}
error: {"flag":false,"message":"password not matched !","code":401} {"timestamp":"04-05-2021 18:42:21"}
